Arguments: 
  /usr/local/bin/node /usr/local/bin/yarn

PATH: 
  /var/folders/kp/sd8chp9n2p7c3z_cvx09kwc00000gn/T/yarn--1728091361446-0.3955047705283694:/Users/mac/.config/yarn/global/node_modules/.bin:/Users/mac/.config/yarn/link/node_modules/.bin:/usr/local/libexec/lib/node_modules/npm/bin/node-gyp-bin:/usr/local/lib/node_modules/npm/bin/node-gyp-bin:/usr/local/bin/node_modules/npm/bin/node-gyp-bin:/usr/local/bin:/usr/local/sbin:/usr/local/bin:/usr/bin:/bin:/usr/sbin:/sbin:/Users/mac/.rvm/bin

Yarn version: 
  1.22.17

Node version: 
  18.0.0

Platform: 
  darwin x64

Trace: 
  Error: certificate has expired
      at TLSSocket.onConnectSecure (node:_tls_wrap:1531:34)
      at TLSSocket.emit (node:events:527:28)
      at TLSSocket._finishInit (node:_tls_wrap:945:8)
      at ssl.onhandshakedone (node:_tls_wrap:726:12)

npm manifest: 
  {
    "private": true,
    "author": "wenfaye <thesims4@126.com>",
    "scripts": {
      "dev": "umi dev",
      "build": "umi build",
      "postinstall": "umi setup",
      "setup": "umi setup",
      "start": "npm run dev"
    },
    "dependencies": {
      "umi": "^4.3.24"
    },
    "devDependencies": {
      "@types/react": "^18.0.33",
      "@types/react-dom": "^18.0.11",
      "typescript": "^5.0.3"
    }
  }

yarn manifest: 
  No manifest

Lockfile: 
  No lockfile
